<?xml version="1.0" encoding="UTF-8"?>
<testng-results skipped="0" failed="0" ignored="0" total="1" passed="1">
  <reporter-output>
  </reporter-output>
  <suite name="Suite" duration-ms="5714" started-at="2025-08-07T09:16:07Z" finished-at="2025-08-07T09:16:12Z">
    <groups>
    </groups>
    <test name="Test A" duration-ms="5714" started-at="2025-08-07T09:16:07Z" finished-at="2025-08-07T09:16:12Z">
      <class name="org.example.testCases.ClickParticularItem">
        <test-method status="PASS" signature="setup()[pri:0, instance:org.example.testCases.ClickParticularItem@45b4c3a9]" name="setup" is-config="true" duration-ms="2960" started-at="2025-08-07T09:16:04Z" finished-at="2025-08-07T09:16:07Z">
          <reporter-output>
          </reporter-output>
        </test-method> <!-- setup -->
        <test-method status="PASS" signature="verifyClickingParticularItem()[pri:0, instance:org.example.testCases.ClickParticularItem@45b4c3a9]" name="verifyClickingParticularItem" duration-ms="5700" started-at="2025-08-07T09:16:07Z" finished-at="2025-08-07T09:16:12Z">
          <reporter-output>
          </reporter-output>
        </test-method> <!-- verifyClickingParticularItem -->
        <test-method status="PASS" signature="tearDown()[pri:0, instance:org.example.testCases.ClickParticularItem@45b4c3a9]" name="tearDown" is-config="true" duration-ms="1162" started-at="2025-08-07T09:16:12Z" finished-at="2025-08-07T09:16:13Z">
          <reporter-output>
          </reporter-output>
        </test-method> <!-- tearDown -->
      </class> <!-- org.example.testCases.ClickParticularItem -->
    </test> <!-- Test A -->
  </suite> <!-- Suite -->
</testng-results>
