<?xml version="1.0" encoding="UTF-8"?>
<!-- Generated by org.testng.reporters.JUnitXMLReporter -->
<testsuite hostname="Ragu" ignored="0" name="DeleteInCart" tests="1" failures="1" timestamp="05 Aug 2025 11:00:00 GMT" time="0.003" errors="0">
  <testcase name="deleteItmInCart" time="0.001" classname="org.example.testCases.DeleteItemInCart">
    <failure type="java.lang.NullPointerException">
      <![CDATA[java.lang.NullPointerException
at org.example.testCases.DeleteItemInCart.deleteItmInCart(DeleteItemInCart.java:16)
... Removed 25 stack frames]]>
    </failure>
  </testcase> <!-- deleteItmInCart -->
</testsuite> <!-- DeleteInCart -->
