<?xml version="1.0" encoding="UTF-8"?>
<!-- Generated by org.testng.reporters.JUnitXMLReporter -->
<testsuite hostname="Ragu" ignored="2" name="Test" tests="2" failures="1" timestamp="05 Aug 2025 12:15:32 GMT" time="5.716" errors="0">
  <testcase name="verifyClickingParticularItem" time="5.693" classname="org.example.testCases.ClickParticularItem"/>
  <testcase name="placeOrderWithoutAdd" time="0.003" classname="org.example.testCases.ClickPlaceOrderWithoutAdding">
    <failure type="java.lang.NullPointerException">
      <![CDATA[java.lang.NullPointerException
at java.util.Objects.requireNonNull(Unknown Source)
at org.openqa.selenium.support.ui.FluentWait.<init>(FluentWait.java:106)
at org.openqa.selenium.support.ui.WebDriverWait.<init>(WebDriverWait.java:85)
at org.openqa.selenium.support.ui.WebDriverWait.<init>(WebDriverWait.java:45)
at org.example.testCases.ClickPlaceOrderWithoutAdding.placeOrderWithoutAdd(ClickPlaceOrderWithoutAdding.java:20)
... Removed 25 stack frames]]>
    </failure>
  </testcase> <!-- placeOrderWithoutAdd -->
  <testcase name="@BeforeSuite setup" time="0.0" classname="commonFunctions.CommonFunctions">
    <ignored/>
  </testcase> <!-- @BeforeSuite setup -->
  <testcase name="@AfterSuite tearDown" time="0.0" classname="commonFunctions.CommonFunctions">
    <ignored/>
  </testcase> <!-- @AfterSuite tearDown -->
</testsuite> <!-- Test -->
