<?xml version="1.0" encoding="UTF-8"?>
<!-- Generated by org.testng.reporters.JUnitXMLReporter -->
<testsuite hostname="Ragu" ignored="0" name="verifyClickingParticularItem" tests="1" failures="1" timestamp="05 Aug 2025 12:03:08 GMT" time="0.041" errors="0">
  <testcase name="verifyClickingParticularItem" time="0.024" classname="org.example.testCases.ClickParticularItem">
    <failure type="java.lang.NullPointerException">
      <![CDATA[java.lang.NullPointerException
at org.openqa.selenium.support.pagefactory.DefaultElementLocator.findElement(DefaultElementLocator.java:69)
at org.openqa.selenium.support.pagefactory.internal.LocatingElementHandler.invoke(LocatingElementHandler.java:38)
at com.sun.proxy.$Proxy9.click(Unknown Source)
at org.example.testCases.ClickParticularItem.verifyClickingParticularItem(ClickParticularItem.java:21)
... Removed 25 stack frames]]>
    </failure>
  </testcase> <!-- verifyClickingParticularItem -->
</testsuite> <!-- verifyClickingParticularItem -->
